[2021-11-10 14:59:17,806]root - INFO - PLAYER HP - 428, CPU HP - 511
[2021-11-10 14:59:17,807]root - INFO - Player hit the CPU. Calculating damage...
[2021-11-10 14:59:17,807]root - INFO - Player hit simple hit. CPU damaged for 33 HP
[2021-11-10 14:59:17,807]root - INFO - CPU hit the Player. Calculating damage...
[2021-11-10 14:59:17,807]root - INFO - CPU hit simple hit. Player damaged for 20 HP
[2021-11-10 14:59:17,807]root - INFO - PLAYER HP - 395, CPU HP - 491
[2021-11-10 14:59:17,807]root - INFO - CPU dodged the hit.
[2021-11-10 14:59:17,807]root - INFO - CPU hit the Player. Calculating damage...
[2021-11-10 14:59:17,807]root - INFO - CPU hit simple hit. Player damaged for 20 HP
[2021-11-10 14:59:17,807]root - INFO - PLAYER HP - 362, CPU HP - 491
[2021-11-10 14:59:17,807]root - INFO - CPU dodged the hit.
[2021-11-10 14:59:17,807]root - INFO - CPU hit the Player. Calculating damage...
[2021-11-10 14:59:17,807]root - INFO - CPU hit critical hit! Player damaged for 40 HP
[2021-11-10 14:59:17,807]root - INFO - PLAYER HP - 296, CPU HP - 491
[2021-11-10 14:59:17,807]root - INFO - Player hit the CPU. Calculating damage...
[2021-11-10 14:59:17,807]root - INFO - Player hit critical hit! CPU damaged for 66 HP
[2021-11-10 14:59:17,807]root - INFO - CPU hit the Player. Calculating damage...
[2021-11-10 14:59:17,807]root - INFO - CPU hit simple hit. Player damaged for 20 HP
[2021-11-10 14:59:17,808]root - INFO - PLAYER HP - 263, CPU HP - 451
[2021-11-10 14:59:17,808]root - INFO - CPU dodged the hit.
[2021-11-10 14:59:17,808]root - INFO - PLAYER HP - 263, CPU HP - 451
[2021-11-10 14:59:17,808]root - INFO - Player hit the CPU. Calculating damage...
[2021-11-10 14:59:17,808]root - INFO - Player hit simple hit. CPU damaged for 33 HP
[2021-11-10 14:59:17,808]root - INFO - CPU hit the Player. Calculating damage...
[2021-11-10 14:59:17,808]root - INFO - CPU hit simple hit. Player damaged for 20 HP
[2021-11-10 14:59:17,808]root - INFO - PLAYER HP - 230, CPU HP - 431
[2021-11-10 14:59:17,808]root - INFO - Player hit the CPU. Calculating damage...
[2021-11-10 14:59:17,808]root - INFO - Player hit simple hit. CPU damaged for 33 HP
[2021-11-10 14:59:17,808]root - INFO - CPU hit the Player. Calculating damage...
[2021-11-10 14:59:17,808]root - INFO - CPU hit simple hit. Player damaged for 20 HP
[2021-11-10 14:59:17,808]root - INFO - PLAYER HP - 197, CPU HP - 411
[2021-11-10 14:59:17,808]root - INFO - Player hit the CPU. Calculating damage...
[2021-11-10 14:59:17,808]root - INFO - Player hit simple hit. CPU damaged for 33 HP
[2021-11-10 14:59:17,808]root - INFO - PLAYER HP - 197, CPU HP - 391
[2021-11-10 14:59:17,808]root - INFO - Player hit the CPU. Calculating damage...
[2021-11-10 14:59:17,808]root - INFO - Player hit simple hit. CPU damaged for 33 HP
[2021-11-10 14:59:17,808]root - INFO - CPU hit the Player. Calculating damage...
[2021-11-10 14:59:17,808]root - INFO - CPU hit simple hit. Player damaged for 20 HP
[2021-11-10 14:59:17,808]root - INFO - PLAYER HP - 164, CPU HP - 371
[2021-11-10 14:59:17,809]root - INFO - Player hit the CPU. Calculating damage...
[2021-11-10 14:59:17,809]root - INFO - Player hit simple hit. CPU damaged for 33 HP
[2021-11-10 14:59:17,809]root - INFO - PLAYER HP - 164, CPU HP - 351
[2021-11-10 14:59:17,809]root - INFO - Player hit the CPU. Calculating damage...
[2021-11-10 14:59:17,809]root - INFO - Player hit simple hit. CPU damaged for 33 HP
[2021-11-10 14:59:17,809]root - INFO - CPU hit the Player. Calculating damage...
[2021-11-10 14:59:17,809]root - INFO - CPU hit simple hit. Player damaged for 20 HP
[2021-11-10 14:59:17,809]root - INFO - PLAYER HP - 131, CPU HP - 331
[2021-11-10 14:59:17,809]root - INFO - CPU dodged the hit.
[2021-11-10 14:59:17,809]root - INFO - CPU hit the Player. Calculating damage...
[2021-11-10 14:59:17,809]root - INFO - CPU hit simple hit. Player damaged for 20 HP
[2021-11-10 14:59:17,809]root - INFO - PLAYER HP - 98, CPU HP - 331
[2021-11-10 14:59:17,809]root - INFO - Player hit the CPU. Calculating damage...
[2021-11-10 14:59:17,809]root - INFO - Player hit simple hit. CPU damaged for 33 HP
[2021-11-10 14:59:17,809]root - INFO - CPU hit the Player. Calculating damage...
[2021-11-10 14:59:17,809]root - INFO - CPU hit simple hit. Player damaged for 20 HP
[2021-11-10 14:59:17,809]root - INFO - PLAYER HP - 65, CPU HP - 311
[2021-11-10 14:59:17,809]root - INFO - Player hit the CPU. Calculating damage...
[2021-11-10 14:59:17,809]root - INFO - Player hit simple hit. CPU damaged for 33 HP
[2021-11-10 14:59:17,809]root - INFO - PLAYER HP - 65, CPU HP - 291
[2021-11-10 14:59:17,810]root - INFO - Player hit the CPU. Calculating damage...
[2021-11-10 14:59:17,810]root - INFO - Player hit simple hit. CPU damaged for 33 HP
[2021-11-10 14:59:17,810]root - INFO - PLAYER HP - 65, CPU HP - 271
[2021-11-10 14:59:17,810]root - INFO - Player hit the CPU. Calculating damage...
[2021-11-10 14:59:17,810]root - INFO - Player hit simple hit. CPU damaged for 33 HP
[2021-11-10 14:59:17,810]root - INFO - CPU hit the Player. Calculating damage...
[2021-11-10 14:59:17,810]root - INFO - CPU hit simple hit. Player damaged for 20 HP
[2021-11-10 14:59:17,810]root - INFO - PLAYER HP - 32, CPU HP - 251
[2021-11-10 14:59:17,810]root - INFO - Player hit the CPU. Calculating damage...
[2021-11-10 14:59:17,810]root - INFO - Player hit simple hit. CPU damaged for 33 HP
[2021-11-10 14:59:17,810]root - INFO - CPU hit the Player. Calculating damage...
[2021-11-10 14:59:17,810]root - INFO - CPU hit simple hit. Player damaged for 20 HP
